<?xml version="1.0" encoding="UTF-8"?>
<testng-results ignored="0" total="1" passed="1" failed="0" skipped="0">
  <reporter-output>
  </reporter-output>
  <suite started-at="2024-01-02T20:23:25 IST" name="Default suite" finished-at="2024-01-02T20:24:04 IST" duration-ms="38562">
    <groups>
    </groups>
    <test started-at="2024-01-02T20:23:25 IST" name="Default test" finished-at="2024-01-02T20:24:04 IST" duration-ms="38562">
      <class name="com.Test.corouselHandling">
        <test-method is-config="true" signature="setUp()[pri:0, instance:com.Test.corouselHandling@3541cb24]" started-at="2024-01-02T20:23:25 IST" name="setUp" finished-at="2024-01-02T20:23:57 IST" duration-ms="31794" status="PASS">
          <reporter-output>
          </reporter-output>
        </test-method> <!-- setUp -->
        <test-method signature="f()[pri:0, instance:com.Test.corouselHandling@3541cb24]" started-at="2024-01-02T20:23:57 IST" name="f" finished-at="2024-01-02T20:24:03 IST" duration-ms="6056" status="PASS">
          <reporter-output>
          </reporter-output>
        </test-method> <!-- f -->
        <test-method is-config="true" signature="tearDown()[pri:0, instance:com.Test.corouselHandling@3541cb24]" started-at="2024-01-02T20:24:03 IST" name="tearDown" finished-at="2024-01-02T20:24:04 IST" duration-ms="602" status="PASS">
          <reporter-output>
          </reporter-output>
        </test-method> <!-- tearDown -->
      </class> <!-- com.Test.corouselHandling -->
    </test> <!-- Default test -->
  </suite> <!-- Default suite -->
</testng-results>
